<?xml version="1.0" encoding="UTF-8"?>
<testsuite xmlns:xsi="http://www.w3.org/2001/XMLSchema-instance" xsi:noNamespaceSchemaLocation="https://maven.apache.org/surefire/maven-surefire-plugin/xsd/surefire-test-report.xsd" name="TestSuite" time="117.998" tests="12" errors="0" skipped="3" failures="7">
  <properties>
[...]
</properties>
  <testcase name="loginBlankFields" classname="webTests.Login_NegativeTests" time="2.743"/>
  <testcase name="tearDown" classname="webTests.Login_NegativeTests" time="2.748">
    <failure type="java.lang.NullPointerException">java.lang.NullPointerException
</failure>
    <system-out><![CDATA[on test method loginBlankFields success
]]></system-out>
  </testcase>
  <testcase name="tearDown" classname="webTests.Login_NegativeTests" time="5.54">
    <failure type="java.lang.NullPointerException">java.lang.NullPointerException
</failure>
    <system-out><![CDATA[test method loginWrongPwd skipped
]]></system-out>
  </testcase>
  <testcase name="loginWrongPwd" classname="webTests.Login_NegativeTests" time="0">
    <skipped/>
    <system-err><![CDATA[Starting ChromeDriver 78.0.3904.70 (edb9c9f3de0247fd912a77b7f6cae7447f6d3ad5-refs/branch-heads/3904@{#800}) on port 41398
Only local connections are allowed.
Please protect ports used by ChromeDriver and related test frameworks to prevent access by malicious code.
Nov 02, 2019 11:27:40 AM org.openqa.selenium.remote.ProtocolHandshake createSession
INFO: Detected dialect: W3C
]]></system-err>
  </testcase>
  <testcase name="signUpWithBlankFields" classname="webTests.SignUp_NegativeTests" time="3.005"/>
  <testcase name="tearDown" classname="webTests.SignUp_NegativeTests" time="3.005">
    <failure type="java.lang.NullPointerException">java.lang.NullPointerException
</failure>
    <system-out><![CDATA[on test method signUpWithBlankFields success
]]></system-out>
  </testcase>
  <testcase name="tearDown" classname="webTests.SignUp_NegativeTests" time="6.038">
    <failure type="java.lang.NullPointerException">java.lang.NullPointerException
</failure>
    <system-out><![CDATA[test method signUpWithInvalidEmail skipped
]]></system-out>
  </testcase>
  <testcase name="tearDown" classname="webTests.SignUp_NegativeTests" time="8.91">
    <failure type="java.lang.NullPointerException">java.lang.NullPointerException
</failure>
    <system-out><![CDATA[test method signUpWithInvalidPassword skipped
]]></system-out>
  </testcase>
  <testcase name="signUpWithInvalidEmail" classname="webTests.SignUp_NegativeTests" time="0">
    <skipped/>
    <system-err><![CDATA[Starting ChromeDriver 78.0.3904.70 (edb9c9f3de0247fd912a77b7f6cae7447f6d3ad5-refs/branch-heads/3904@{#800}) on port 37790
Only local connections are allowed.
Please protect ports used by ChromeDriver and related test frameworks to prevent access by malicious code.
Nov 02, 2019 11:27:49 AM org.openqa.selenium.remote.ProtocolHandshake createSession
INFO: Detected dialect: W3C
]]></system-err>
  </testcase>
  <testcase name="signUpWithInvalidPassword" classname="webTests.SignUp_NegativeTests" time="0">
    <skipped/>
    <system-err><![CDATA[Starting ChromeDriver 78.0.3904.70 (edb9c9f3de0247fd912a77b7f6cae7447f6d3ad5-refs/branch-heads/3904@{#800}) on port 23689
Only local connections are allowed.
Please protect ports used by ChromeDriver and related test frameworks to prevent access by malicious code.
Nov 02, 2019 11:27:52 AM org.openqa.selenium.remote.ProtocolHandshake createSession
INFO: Detected dialect: W3C
]]></system-err>
  </testcase>
  <testcase name="searchSpecificProperty" classname="webTests.SearchforSpecificProperty" time="63.341">
    <failure message="Expected condition failed: waiting for visibility of element located by By.cssSelector: div.address-line-1.first-field.bolded (tried for 60 second(s) with 500 milliseconds interval)" type="org.openqa.selenium.TimeoutException">org.openqa.selenium.TimeoutException: Expected condition failed: waiting for visibility of element located by By.cssSelector: div.address-line-1.first-field.bolded (tried for 60 second(s) with 500 milliseconds interval)
	at webTests.SearchforSpecificProperty.searchSpecificProperty(SearchforSpecificProperty.java:41)
Caused by: org.openqa.selenium.NoSuchElementException: 
no such element: Unable to locate element: {"method":"css selector","selector":"div.address-line-1.first-field.bolded"}
  (Session info: chrome=78.0.3904.70)
For documentation on this error, please visit: https://www.seleniumhq.org/exceptions/no_such_element.html
Build info: version: '3.141.59', revision: 'e82be7d358', time: '2018-11-14T08:17:03'
System info: host: 'macbookpros-MacBook-Pro.local', ip: '2606:6000:fcc2:dc00:59cc:86ac:d81d:4370%en0', os.name: 'Mac OS X', os.arch: 'x86_64', os.version: '10.14.6', java.version: '1.8.0_221'
Driver info: org.openqa.selenium.chrome.ChromeDriver
Capabilities {acceptInsecureCerts: false, browserName: chrome, browserVersion: 78.0.3904.70, chrome: {chromedriverVersion: 78.0.3904.70 (edb9c9f3de024..., userDataDir: /var/folders/r_/gj592kgx0x7...}, goog:chromeOptions: {debuggerAddress: localhost:53120}, javascriptEnabled: true, networkConnectionEnabled: false, pageLoadStrategy: normal, platform: MAC, platformName: MAC, proxy: Proxy(), setWindowRect: true, strictFileInteractability: false, timeouts: {implicit: 0, pageLoad: 300000, script: 30000}, unhandledPromptBehavior: dismiss and notify}
Session ID: 88aa020cdc2a2fcf7184af3ade81abf9
*** Element info: {Using=css selector, value=div.address-line-1.first-field.bolded}
	at webTests.SearchforSpecificProperty.searchSpecificProperty(SearchforSpecificProperty.java:41)
</failure>
    <system-out><![CDATA[on test method searchSpecificProperty start
]]></system-out>
    <system-err><![CDATA[Starting ChromeDriver 78.0.3904.70 (edb9c9f3de0247fd912a77b7f6cae7447f6d3ad5-refs/branch-heads/3904@{#800}) on port 16765
Only local connections are allowed.
Please protect ports used by ChromeDriver and related test frameworks to prevent access by malicious code.
Nov 02, 2019 11:27:54 AM org.openqa.selenium.remote.ProtocolHandshake createSession
INFO: Detected dialect: W3C
]]></system-err>
  </testcase>
  <testcase name="tearDown" classname="webTests.SearchforSpecificProperty" time="63.341">
    <failure type="java.lang.NullPointerException">java.lang.NullPointerException
</failure>
    <system-out><![CDATA[on test method searchSpecificProperty failure
2
]]></system-out>
  </testcase>
</testsuite>